<?xml version="1.0" encoding="UTF-8"?>
<!-- Generated by org.testng.reporters.JUnitXMLReporter -->
<testsuite hostname="DESKTOP-O3E0A86" ignored="0" name="Default test" tests="2" failures="0" timestamp="2020-03-26T16:30:20 IST" time="4.391" errors="0">
  <testcase name="validateEntireBody" time="2.319" classname="TestCases.TestCase001_Simple_Get_Request_BDD"/>
  <testcase name="validateGet" time="1.602" classname="TestCases.TestCase001_Simple_Get_Request_BDD"/>
</testsuite> <!-- Default test -->
