<?xml version="1.0" encoding="UTF-8"?>
<!-- Generated by org.testng.reporters.JUnitXMLReporter -->
<testsuite hostname="DESKTOP-O3E0A86" ignored="0" name="Default test" tests="2" failures="0" timestamp="2020-03-26T12:46:24 IST" time="2.202" errors="0">
  <testcase name="validatePost1" time="1.621" classname="TestCases.TestCase007_Post_Request_Using_Serialization_of_POJO_into_JSON_Request_Body_Object"/>
  <testcase name="validatePost" time="0.062" classname="TestCases.TestCase007_Post_Request_Using_Serialization_of_POJO_into_JSON_Request_Body_Object"/>
</testsuite> <!-- Default test -->
