<?xml version="1.0" encoding="UTF-8"?>
<!-- Generated by org.testng.reporters.JUnitXMLReporter -->
<testsuite hostname="DESKTOP-O3E0A86" ignored="0" name="Test" tests="14" failures="1" timestamp="2020-03-24T12:15:12 IST" time="29.114" errors="0">
  <testcase name="validateEntireBody" time="2.388" classname="TestCases.TestCase001"/>
  <testcase name="validateGet" time="1.724" classname="TestCases.TestCase001"/>
  <testcase name="postValidation" time="0.969" classname="TestCases.TestCase002"/>
  <testcase name="validatePost" time="1.695" classname="TestCases.TestCase003"/>
  <testcase name="validateResponse" time="0.957" classname="TestCases.TestCase003"/>
  <testcase name="validatePut" time="0.919" classname="TestCases.TestCase004"/>
  <testcase name="validatePutUsingParams" time="0.886" classname="TestCases.TestCase004"/>
  <testcase name="headValidation" time="3.032" classname="TestCases.TestCase005">
    <failure type="java.lang.AssertionError" message="expected [200] but found [301]">
      <![CDATA[java.lang.AssertionError: expected [200] but found [301]
at TestCases.TestCase005.headValidation(TestCase005.java:42)
at java.util.ArrayList.forEach(ArrayList.java:1257)
... Removed 36 stack frames]]>
    </failure>
  </testcase> <!-- headValidation -->
  <testcase name="validate2" time="2.906" classname="TestCases.TestCase005"/>
  <testcase name="validate3" time="2.952" classname="TestCases.TestCase005"/>
  <testcase name="validate4" time="2.078" classname="TestCases.TestCase005"/>
  <testcase name="validateSpecificBody" time="3.01" classname="TestCases.TestCase005"/>
  <testcase name="validate4" time="2.96" classname="TestCases.TestCase006"/>
  <testcase name="validateSpecificBody" time="2.042" classname="TestCases.TestCase006"/>
</testsuite> <!-- Test -->
