<?xml version="1.0" encoding="UTF-8"?>
<testsuite xmlns:xsi="http://www.w3.org/2001/XMLSchema-instance" xsi:noNamespaceSchemaLocation="https://maven.apache.org/surefire/maven-surefire-plugin/xsd/surefire-test-report-3.0.xsd" version="3.0" name="TestSuite" time="33.492" tests="18" errors="0" skipped="0" failures="2">
  <properties>
[...]
</properties>
  <testcase name="validate4" classname="TestCases.TestCase006_Parsing_Using_JsonPath_Complex_Resource" time="4.476"/>
  <testcase name="validateSpecificBody" classname="TestCases.TestCase006_Parsing_Using_JsonPath_Complex_Resource" time="3.05"/>
  <testcase name="validateResponseUsingJsonFile" classname="TestCases.TestCase003_Post_Request_Using_JsonObject" time="0.94"/>
  <testcase name="validatePost" classname="TestCases.TestCase003_Post_Request_Using_HashMap" time="1.148"/>
  <testcase name="validateResponse" classname="TestCases.TestCase003_Post_Request_Using_HashMap" time="0.778"/>
  <testcase name="validatePost1" classname="TestCases.TestCase007_Post_Request_Using_Serialization_of_POJO_into_JSON_Request_Body_Object" time="0.058"/>
  <testcase name="validatePost" classname="TestCases.TestCase007_Post_Request_Using_Serialization_of_POJO_into_JSON_Request_Body_Object" time="0.027"/>
  <testcase name="validateGet_Using_Body" classname="TestCases.TestCase001_Simple_Get_Request_BDD2" time="1.312">
    <failure message="1 expectation failed.&#10;JSON path args.empID doesn&apos;t match.&#10;Expected: is &lt;100&gt;&#10;  Actual: null&#10;" type="java.lang.AssertionError"><![CDATA[java.lang.AssertionError: 
1 expectation failed.
JSON path args.empID doesn't match.
Expected: is <100>
  Actual: null

	at TestCases.TestCase001_Simple_Get_Request_BDD2.validateGet_Using_Body(TestCase001_Simple_Get_Request_BDD2.java:59)
]]></failure>
    <system-out><![CDATA[ INFO [main] (TestCase001_Simple_Get_Request_BDD2.java:51)- ######TestCase001 Starts######
]]></system-out>
  </testcase>
  <testcase name="validateGet_Using_Response_and_JSONPATH" classname="TestCases.TestCase001_Simple_Get_Request_BDD2" time="1.768"/>
  <testcase name="postValidation" classname="TestCases.TestCase002_Simple_Get_Request_Non_BDD" time="0.767"/>
  <testcase name="validatePutUsingParams" classname="TestCases.TestCase004_Post_Request_Using_Param" time="0.819"/>
  <testcase name="headValidation" classname="TestCases.TestCase005_Parsing_Resource_Using_JsonPath" time="1.69">
    <failure message="expected [200] but found [301]" type="java.lang.AssertionError"><![CDATA[java.lang.AssertionError: expected [200] but found [301]
	at TestCases.TestCase005_Parsing_Resource_Using_JsonPath.headValidation(TestCase005_Parsing_Resource_Using_JsonPath.java:37)
]]></failure>
    <system-out><![CDATA[Options areio.restassured.internal.RestAssuredResponseImpl@4437ac07
]]></system-out>
  </testcase>
  <testcase name="validate2" classname="TestCases.TestCase005_Parsing_Resource_Using_JsonPath" time="5.284"/>
  <testcase name="validate3" classname="TestCases.TestCase005_Parsing_Resource_Using_JsonPath" time="3.134"/>
  <testcase name="validate4" classname="TestCases.TestCase005_Parsing_Resource_Using_JsonPath" time="2.916"/>
  <testcase name="validateSpecificBody" classname="TestCases.TestCase005_Parsing_Resource_Using_JsonPath" time="2.132"/>
  <testcase name="validateEntireBody" classname="TestCases.TestCase001_Simple_Get_Request_BDD" time="0.723"/>
  <testcase name="validateGet" classname="TestCases.TestCase001_Simple_Get_Request_BDD" time="0.782"/>
</testsuite>