<?xml version="1.0" encoding="UTF-8"?>
<testsuite xmlns:xsi="http://www.w3.org/2001/XMLSchema-instance" xsi:noNamespaceSchemaLocation="https://maven.apache.org/surefire/maven-surefire-plugin/xsd/surefire-test-report-3.0.xsd" version="3.0" name="TestSuite" time="30.201" tests="14" errors="0" skipped="0" failures="1">
  <properties>
[...]
</properties>
  <testcase name="validateEntireBody" classname="TestCases.TestCase001" time="2.397"/>
  <testcase name="validateGet" classname="TestCases.TestCase001" time="1.726"/>
  <testcase name="postValidation" classname="TestCases.TestCase002" time="1.042"/>
  <testcase name="validatePost" classname="TestCases.TestCase003" time="1.632"/>
  <testcase name="validateResponse" classname="TestCases.TestCase003" time="0.959"/>
  <testcase name="validatePut" classname="TestCases.TestCase004" time="0.92"/>
  <testcase name="validatePutUsingParams" classname="TestCases.TestCase004" time="0.882"/>
  <testcase name="headValidation" classname="TestCases.TestCase005" time="3.046">
    <failure message="expected [200] but found [301]" type="java.lang.AssertionError"><![CDATA[java.lang.AssertionError: expected [200] but found [301]
	at TestCases.TestCase005.headValidation(TestCase005.java:42)
]]></failure>
    <system-out><![CDATA[Options areio.restassured.internal.RestAssuredResponseImpl@26cb5207
]]></system-out>
  </testcase>
  <testcase name="validate2" classname="TestCases.TestCase005" time="2.903"/>
  <testcase name="validate3" classname="TestCases.TestCase005" time="2.951"/>
  <testcase name="validate4" classname="TestCases.TestCase005" time="2.157"/>
  <testcase name="validateSpecificBody" classname="TestCases.TestCase005" time="2.938"/>
  <testcase name="validate4" classname="TestCases.TestCase006" time="2.959"/>
  <testcase name="validateSpecificBody" classname="TestCases.TestCase006" time="2.023"/>
</testsuite>