-------------------------------------------------------------------------------
Test set: TestSuite
-------------------------------------------------------------------------------
Tests run: 14, Failures: 1, Errors: 0, Skipped: 0, Time elapsed: 30.201 s <<< FAILURE! - in TestSuite
TestCases.TestCase005.headValidation  Time elapsed: 3.046 s  <<< FAILURE!
java.lang.AssertionError: expected [200] but found [301]
	at TestCases.TestCase005.headValidation(TestCase005.java:42)

