<?xml version="1.0" encoding="UTF-8"?>
<testng-results skipped="0" failed="0" ignored="0" total="1" passed="1">
  <reporter-output>
  </reporter-output>
  <suite name="Default suite" duration-ms="3189" started-at="2020-03-23T18:03:36 IST" finished-at="2020-03-23T18:03:40 IST">
    <groups>
    </groups>
    <test name="Default test" duration-ms="3189" started-at="2020-03-23T18:03:36 IST" finished-at="2020-03-23T18:03:40 IST">
      <class name="TestCases.TestCase004">
        <test-method status="PASS" signature="setUp()[pri:0, instance:TestCases.TestCase004@2833cc44]" name="setUp" is-config="true" duration-ms="453" started-at="2020-03-23T18:03:36 IST" finished-at="2020-03-23T18:03:37 IST">
          <reporter-output>
          </reporter-output>
        </test-method> <!-- setUp -->
        <test-method status="PASS" signature="validatePost()[pri:0, instance:TestCases.TestCase004@2833cc44]" name="validatePost" duration-ms="2689" started-at="2020-03-23T18:03:37 IST" finished-at="2020-03-23T18:03:40 IST">
          <reporter-output>
          </reporter-output>
        </test-method> <!-- validatePost -->
      </class> <!-- TestCases.TestCase004 -->
    </test> <!-- Default test -->
  </suite> <!-- Default suite -->
</testng-results>
