<?xml version="1.0" encoding="UTF-8"?>
<testng-results skipped="0" failed="0" ignored="0" total="2" passed="2">
  <reporter-output>
  </reporter-output>
  <suite name="Default suite" duration-ms="2202" started-at="2020-03-26T12:46:22 IST" finished-at="2020-03-26T12:46:24 IST">
    <groups>
    </groups>
    <test name="Default test" duration-ms="2202" started-at="2020-03-26T12:46:22 IST" finished-at="2020-03-26T12:46:24 IST">
      <class name="TestCases.TestCase007_Post_Request_Using_Serialization_of_POJO_into_JSON_Request_Body_Object">
        <test-method status="PASS" signature="setup()[pri:0, instance:TestCases.TestCase007_Post_Request_Using_Serialization_of_POJO_into_JSON_Request_Body_Object@76f2b07d]" name="setup" is-config="true" duration-ms="62" started-at="2020-03-26T12:46:22 IST" finished-at="2020-03-26T12:46:22 IST">
          <reporter-output>
          </reporter-output>
        </test-method> <!-- setup -->
        <test-method status="PASS" signature="setUp()[pri:0, instance:TestCases.TestCase007_Post_Request_Using_Serialization_of_POJO_into_JSON_Request_Body_Object@76f2b07d]" name="setUp" is-config="true" duration-ms="360" started-at="2020-03-26T12:46:22 IST" finished-at="2020-03-26T12:46:23 IST">
          <reporter-output>
          </reporter-output>
        </test-method> <!-- setUp -->
        <test-method status="PASS" signature="validatePost1()[pri:0, instance:TestCases.TestCase007_Post_Request_Using_Serialization_of_POJO_into_JSON_Request_Body_Object@76f2b07d]" name="validatePost1" duration-ms="1621" started-at="2020-03-26T12:46:23 IST" finished-at="2020-03-26T12:46:24 IST">
          <reporter-output>
          </reporter-output>
        </test-method> <!-- validatePost1 -->
        <test-method status="PASS" signature="validatePost()[pri:1, instance:TestCases.TestCase007_Post_Request_Using_Serialization_of_POJO_into_JSON_Request_Body_Object@76f2b07d]" name="validatePost" duration-ms="62" started-at="2020-03-26T12:46:24 IST" finished-at="2020-03-26T12:46:24 IST">
          <reporter-output>
          </reporter-output>
        </test-method> <!-- validatePost -->
      </class> <!-- TestCases.TestCase007_Post_Request_Using_Serialization_of_POJO_into_JSON_Request_Body_Object -->
    </test> <!-- Default test -->
  </suite> <!-- Default suite -->
</testng-results>
